# JRE version: Java(TM) SE Runtime Environment (8.0_201-b09) (build 1.8.0_201-b09)
# Java VM: Java HotSpot(TM) 64-Bit Server VM (25.201-b09 mixed mode windows-amd64 compressed oops)
Heap:
 PSYoungGen      total 456192K, used 177479K [0x000000076bb00000, 0x0000000793a00000, 0x00000007c0000000)
  eden space 439296K, 40% used [0x000000076bb00000,0x0000000776851da0,0x0000000786800000)
  from space 16896K, 0% used [0x0000000786800000,0x0000000786800000,0x0000000787880000)
  to   space 20480K, 0% used [0x0000000792600000,0x0000000792600000,0x0000000793a00000)
 ParOldGen       total 132608K, used 30810K [0x00000006c3000000, 0x00000006cb180000, 0x000000076bb00000)
  object space 132608K, 23% used [0x00000006c3000000,0x00000006c4e16a78,0x00000006cb180000)
 Metaspace       used 64391K, capacity 67150K, committed 67328K, reserved 1107968K
  class space    used 8740K, capacity 9207K, committed 9216K, reserved 1048576K
GC Heap History (10 events):
Event: 3.328 GC heap before
{Heap before GC invocations=8 (full 1):
 PSYoungGen      total 253440K, used 39111K [0x000000076bb00000, 0x000000077c100000, 0x00000007c0000000)
  eden space 243712K, 12% used [0x000000076bb00000,0x000000076d7b96e8,0x000000077a900000)
  from space 9728K, 99% used [0x000000077b580000,0x000000077bef85d8,0x000000077bf00000)
  to   space 12288K, 0% used [0x000000077a900000,0x000000077a900000,0x000000077b500000)
 ParOldGen       total 75264K, used 6392K [0x00000006c3000000, 0x00000006c7980000, 0x000000076bb00000)
  object space 75264K, 8% used [0x00000006c3000000,0x00000006c363e390,0x00000006c7980000)
 Metaspace       used 33782K, capacity 35334K, committed 35416K, reserved 1081344K
  class space    used 4332K, capacity 4607K, committed 4608K, reserved 1048576K
Event: 3.335 GC heap after
Heap after GC invocations=8 (full 1):
 PSYoungGen      total 256000K, used 8942K [0x000000076bb00000, 0x0000000788900000, 0x00000007c0000000)
  eden space 243712K, 0% used [0x000000076bb00000,0x000000076bb00000,0x000000077a900000)
  from space 12288K, 72% used [0x000000077a900000,0x000000077b1bb8c8,0x000000077b500000)
  to   space 12288K, 0% used [0x0000000787d00000,0x0000000787d00000,0x0000000788900000)
 ParOldGen       total 75264K, used 6400K [0x00000006c3000000, 0x00000006c7980000, 0x000000076bb00000)
  object space 75264K, 8% used [0x00000006c3000000,0x00000006c3640390,0x00000006c7980000)
 Metaspace       used 33782K, capacity 35334K, committed 35416K, reserved 1081344K
  class space    used 4332K, capacity 4607K, committed 4608K, reserved 1048576K
}
Event: 3.335 GC heap before
{Heap before GC invocations=9 (full 2):
 PSYoungGen      total 256000K, used 8942K [0x000000076bb00000, 0x0000000788900000, 0x00000007c0000000)
  eden space 243712K, 0% used [0x000000076bb00000,0x000000076bb00000,0x000000077a900000)
  from space 12288K, 72% used [0x000000077a900000,0x000000077b1bb8c8,0x000000077b500000)
  to   space 12288K, 0% used [0x0000000787d00000,0x0000000787d00000,0x0000000788900000)
 ParOldGen       total 75264K, used 6400K [0x00000006c3000000, 0x00000006c7980000, 0x000000076bb00000)
  object space 75264K, 8% used [0x00000006c3000000,0x00000006c3640390,0x00000006c7980000)
 Metaspace       used 33782K, capacity 35334K, committed 35416K, reserved 1081344K
  class space    used 4332K, capacity 4607K, committed 4608K, reserved 1048576K
Event: 3.377 GC heap after
Heap after GC invocations=9 (full 2):
 PSYoungGen      total 256000K, used 0K [0x000000076bb00000, 0x0000000788900000, 0x00000007c0000000)
  eden space 243712K, 0% used [0x000000076bb00000,0x000000076bb00000,0x000000077a900000)
  from space 12288K, 0% used [0x000000077a900000,0x000000077a900000,0x000000077b500000)
  to   space 12288K, 0% used [0x0000000787d00000,0x0000000787d00000,0x0000000788900000)
 ParOldGen       total 98816K, used 13078K [0x00000006c3000000, 0x00000006c9080000, 0x000000076bb00000)
  object space 98816K, 13% used [0x00000006c3000000,0x00000006c3cc59a0,0x00000006c9080000)
 Metaspace       used 33782K, capacity 35334K, committed 35416K, reserved 1081344K
  class space    used 4332K, capacity 4607K, committed 4608K, reserved 1048576K
}
Event: 4.812 GC heap before
{Heap before GC invocations=10 (full 2):
 PSYoungGen      total 256000K, used 243712K [0x000000076bb00000, 0x0000000788900000, 0x00000007c0000000)
  eden space 243712K, 100% used [0x000000076bb00000,0x000000077a900000,0x000000077a900000)
  from space 12288K, 0% used [0x000000077a900000,0x000000077a900000,0x000000077b500000)
  to   space 12288K, 0% used [0x0000000787d00000,0x0000000787d00000,0x0000000788900000)
 ParOldGen       total 98816K, used 13078K [0x00000006c3000000, 0x00000006c9080000, 0x000000076bb00000)
  object space 98816K, 13% used [0x00000006c3000000,0x00000006c3cc59a0,0x00000006c9080000)
 Metaspace       used 47634K, capacity 49354K, committed 49664K, reserved 1091584K
  class space    used 6339K, capacity 6655K, committed 6656K, reserved 1048576K
Event: 4.823 GC heap after
Heap after GC invocations=10 (full 2):
 PSYoungGen      total 442368K, used 12269K [0x000000076bb00000, 0x0000000788900000, 0x00000007c0000000)
  eden space 430080K, 0% used [0x000000076bb00000,0x000000076bb00000,0x0000000785f00000)
  from space 12288K, 99% used [0x0000000787d00000,0x00000007888fb5c8,0x0000000788900000)
  to   space 16896K, 0% used [0x0000000786800000,0x0000000786800000,0x0000000787880000)
 ParOldGen       total 98816K, used 19816K [0x00000006c3000000, 0x00000006c9080000, 0x000000076bb00000)
  object space 98816K, 20% used [0x00000006c3000000,0x00000006c435a270,0x00000006c9080000)
 Metaspace       used 47634K, capacity 49354K, committed 49664K, reserved 1091584K
  class space    used 6339K, capacity 6655K, committed 6656K, reserved 1048576K
}
Event: 23.164 GC heap before
{Heap before GC invocations=11 (full 2):
 PSYoungGen      total 442368K, used 199720K [0x000000076bb00000, 0x0000000788900000, 0x00000007c0000000)
  eden space 430080K, 43% used [0x000000076bb00000,0x000000077720ed10,0x0000000785f00000)
  from space 12288K, 99% used [0x0000000787d00000,0x00000007888fb5c8,0x0000000788900000)
  to   space 16896K, 0% used [0x0000000786800000,0x0000000786800000,0x0000000787880000)
 ParOldGen       total 98816K, used 19816K [0x00000006c3000000, 0x00000006c9080000, 0x000000076bb00000)
  object space 98816K, 20% used [0x00000006c3000000,0x00000006c435a270,0x00000006c9080000)
 Metaspace       used 56755K, capacity 58980K, committed 59028K, reserved 1099776K
  class space    used 7750K, capacity 8172K, committed 8192K, reserved 1048576K
Event: 23.177 GC heap after
Heap after GC invocations=11 (full 2):
 PSYoungGen      total 456192K, used 16868K [0x000000076bb00000, 0x0000000793a00000, 0x00000007c0000000)
  eden space 439296K, 0% used [0x000000076bb00000,0x000000076bb00000,0x0000000786800000)
  from space 16896K, 99% used [0x0000000786800000,0x00000007878793b0,0x0000000787880000)
  to   space 20480K, 0% used [0x0000000792600000,0x0000000792600000,0x0000000793a00000)
 ParOldGen       total 98816K, used 22924K [0x00000006c3000000, 0x00000006c9080000, 0x000000076bb00000)
  object space 98816K, 23% used [0x00000006c3000000,0x00000006c4663030,0x00000006c9080000)
 Metaspace       used 56755K, capacity 58980K, committed 59028K, reserved 1099776K
  class space    used 7750K, capacity 8172K, committed 8192K, reserved 1048576K
}
Event: 23.177 GC heap before
{Heap before GC invocations=12 (full 3):
 PSYoungGen      total 456192K, used 16868K [0x000000076bb00000, 0x0000000793a00000, 0x00000007c0000000)
  eden space 439296K, 0% used [0x000000076bb00000,0x000000076bb00000,0x0000000786800000)
  from space 16896K, 99% used [0x0000000786800000,0x00000007878793b0,0x0000000787880000)
  to   space 20480K, 0% used [0x0000000792600000,0x0000000792600000,0x0000000793a00000)
 ParOldGen       total 98816K, used 22924K [0x00000006c3000000, 0x00000006c9080000, 0x000000076bb00000)
  object space 98816K, 23% used [0x00000006c3000000,0x00000006c4663030,0x00000006c9080000)
 Metaspace       used 56755K, capacity 58980K, committed 59028K, reserved 1099776K
  class space    used 7750K, capacity 8172K, committed 8192K, reserved 1048576K
Event: 23.303 GC heap after
Heap after GC invocations=12 (full 3):
 PSYoungGen      total 456192K, used 0K [0x000000076bb00000, 0x0000000793a00000, 0x00000007c0000000)
  eden space 439296K, 0% used [0x000000076bb00000,0x000000076bb00000,0x0000000786800000)
  from space 16896K, 0% used [0x0000000786800000,0x0000000786800000,0x0000000787880000)
  to   space 20480K, 0% used [0x0000000792600000,0x0000000792600000,0x0000000793a00000)
 ParOldGen       total 132608K, used 30810K [0x00000006c3000000, 0x00000006cb180000, 0x000000076bb00000)
  object space 132608K, 23% used [0x00000006c3000000,0x00000006c4e16a78,0x00000006cb180000)
 Metaspace       used 56755K, capacity 58980K, committed 59028K, reserved 1099776K
  class space    used 7750K, capacity 8172K, committed 8192K, reserved 1048576K
}

